<<<<<<< Updated upstream
This is pdfTeX, Version 3.1415926-1.40.10 (TeX Live 2009/Debian) (format=pdflatex 2014.1.9)  16 JAN 2014 13:58
=======
This is pdfTeX, Version 3.1415926-2.5-1.40.14 (MiKTeX 2.9) (preloaded format=pdflatex 2014.1.9)  16 JAN 2014 14:01
>>>>>>> Stashed changes
entering extended mode
**SLAM_PAPER.tex

("C:\Users\Taghi\eclipseWorkspace\School\Project\NAO-ALPHA-AS-FUCK-ROBOTS\Artic
le parts\Gabi\SLAM_PAPER.tex"
LaTeX2e <2011/06/27>
Babel <v3.8m> and hyphenation patterns for english, afrikaans, ancientgreek, ar
abic, armenian, assamese, basque, bengali, bokmal, bulgarian, catalan, coptic, 
croatian, czech, danish, dutch, esperanto, estonian, farsi, finnish, french, ga
lician, german, german-x-2013-05-26, greek, gujarati, hindi, hungarian, iceland
ic, indonesian, interlingua, irish, italian, kannada, kurmanji, latin, latvian,
 lithuanian, malayalam, marathi, mongolian, mongolianlmc, monogreek, ngerman, n
german-x-2013-05-26, nynorsk, oriya, panjabi, pinyin, polish, portuguese, roman
ian, russian, sanskrit, serbian, slovak, slovenian, spanish, swedish, swissgerm
an, tamil, telugu, turkish, turkmen, ukenglish, ukrainian, uppersorbian, usengl
ishmax, welsh, loaded.

("C:\Users\Taghi\eclipseWorkspace\School\Project\NAO-ALPHA-AS-FUCK-ROBOTS\Artic
le parts\Gabi\ba-kecs.cls"
Document Class: ba-kecs 2005/01/04
Conference Style, KECS Bachelor
("C:\Program Files\MiKTeX 2.9\tex\latex\base\article.cls"
Document Class: article 2007/10/19 v1.4h Standard LaTeX document class
("C:\Program Files\MiKTeX 2.9\tex\latex\base\size10.clo"
File: size10.clo 2007/10/19 v1.4h Standard LaTeX file (size option)
)
\c@part=\count79
\c@section=\count80
\c@subsection=\count81
\c@subsubsection=\count82
\c@paragraph=\count83
\c@subparagraph=\count84
\c@figure=\count85
\c@table=\count86
\abovecaptionskip=\skip41
\belowcaptionskip=\skip42
\bibindent=\dimen102
)
(C:\Users\Taghi\AppData\Roaming\MiKTeX\2.9\tex\latex\fancyhdr\fancyhdr.sty
\fancy@headwidth=\skip43
\f@ncyO@elh=\skip44
\f@ncyO@erh=\skip45
\f@ncyO@olh=\skip46
\f@ncyO@orh=\skip47
\f@ncyO@elf=\skip48
\f@ncyO@erf=\skip49
\f@ncyO@olf=\skip50
\f@ncyO@orf=\skip51
)
("C:\Program Files\MiKTeX 2.9\tex\generic\babel\babel.sty"
Package: babel 2008/07/08 v3.8m The Babel package

*************************************
* Local config file bblopts.cfg used
*
("C:\Program Files\MiKTeX 2.9\tex\latex\00miktex\bblopts.cfg"
File: bblopts.cfg 2006/07/31 v1.0 MiKTeX 'babel' configuration
)
("C:\Program Files\MiKTeX 2.9\tex\generic\babel\dutch.ldf"
Language: dutch 2005/03/30 v3.8i Dutch support from the babel system

("C:\Program Files\MiKTeX 2.9\tex\generic\babel\babel.def"
File: babel.def 2008/07/08 v3.8m Babel common definitions
\babel@savecnt=\count87
\U@D=\dimen103
)
Package babel Info: Making " an active character on input line 132.
)
("C:\Program Files\MiKTeX 2.9\tex\generic\babel\english.ldf"
Language: english 2005/03/30 v3.3o English support from the babel system
\l@canadian = a dialect from \language\l@american 
\l@australian = a dialect from \language\l@british 
\l@newzealand = a dialect from \language\l@british 
))
\titlebox=\skip52
)
("C:\Program Files\MiKTeX 2.9\tex\latex\graphics\graphicx.sty"
Package: graphicx 1999/02/16 v1.0f Enhanced LaTeX Graphics (DPC,SPQR)

("C:\Program Files\MiKTeX 2.9\tex\latex\graphics\keyval.sty"
Package: keyval 1999/03/16 v1.13 key=value parser (DPC)
\KV@toks@=\toks14
)
("C:\Program Files\MiKTeX 2.9\tex\latex\graphics\graphics.sty"
Package: graphics 2009/02/05 v1.0o Standard LaTeX Graphics (DPC,SPQR)

("C:\Program Files\MiKTeX 2.9\tex\latex\graphics\trig.sty"
Package: trig 1999/03/16 v1.09 sin cos tan (DPC)
)
("C:\Program Files\MiKTeX 2.9\tex\latex\00miktex\graphics.cfg"
File: graphics.cfg 2007/01/18 v1.5 graphics configuration of teTeX/TeXLive
)
Package graphics Info: Driver file: pdftex.def on input line 91.

("C:\Program Files\MiKTeX 2.9\tex\latex\pdftex-def\pdftex.def"
File: pdftex.def 2011/05/27 v0.06d Graphics/color for pdfTeX

("C:\Program Files\MiKTeX 2.9\tex\generic\oberdiek\infwarerr.sty"
Package: infwarerr 2010/04/08 v1.3 Providing info/warning/error messages (HO)
)
("C:\Program Files\MiKTeX 2.9\tex\generic\oberdiek\ltxcmds.sty"
Package: ltxcmds 2011/11/09 v1.22 LaTeX kernel commands for general use (HO)
)
\Gread@gobject=\count88
))
\Gin@req@height=\dimen104
\Gin@req@width=\dimen105
)
("C:\Program Files\MiKTeX 2.9\tex\latex\float\float.sty"
Package: float 2001/11/08 v1.3d Float enhancements (AL)
\c@float@type=\count89
\float@exts=\toks15
\float@box=\box26
\@float@everytoks=\toks16
\@floatcapt=\box27
)
("C:\Program Files\MiKTeX 2.9\tex\latex\amsmath\amsmath.sty"
Package: amsmath 2013/01/14 v2.14 AMS math features
\@mathmargin=\skip53

For additional information on amsmath, use the `?' option.
("C:\Program Files\MiKTeX 2.9\tex\latex\amsmath\amstext.sty"
Package: amstext 2000/06/29 v2.01

("C:\Program Files\MiKTeX 2.9\tex\latex\amsmath\amsgen.sty"
File: amsgen.sty 1999/11/30 v2.0
\@emptytoks=\toks17
\ex@=\dimen106
))
("C:\Program Files\MiKTeX 2.9\tex\latex\amsmath\amsbsy.sty"
Package: amsbsy 1999/11/29 v1.2d
\pmbraise@=\dimen107
)
("C:\Program Files\MiKTeX 2.9\tex\latex\amsmath\amsopn.sty"
Package: amsopn 1999/12/14 v2.01 operator names
)
\inf@bad=\count90
LaTeX Info: Redefining \frac on input line 210.
\uproot@=\count91
\leftroot@=\count92
LaTeX Info: Redefining \overline on input line 306.
\classnum@=\count93
\DOTSCASE@=\count94
LaTeX Info: Redefining \ldots on input line 378.
LaTeX Info: Redefining \dots on input line 381.
LaTeX Info: Redefining \cdots on input line 466.
\Mathstrutbox@=\box28
\strutbox@=\box29
\big@size=\dimen108
LaTeX Font Info:    Redeclaring font encoding OML on input line 566.
LaTeX Font Info:    Redeclaring font encoding OMS on input line 567.
\macc@depth=\count95
\c@MaxMatrixCols=\count96
\dotsspace@=\muskip10
\c@parentequation=\count97
\dspbrk@lvl=\count98
\tag@help=\toks18
\row@=\count99
\column@=\count100
\maxfields@=\count101
\andhelp@=\toks19
\eqnshift@=\dimen109
\alignsep@=\dimen110
\tagshift@=\dimen111
\tagwidth@=\dimen112
\totwidth@=\dimen113
\lineht@=\dimen114
\@envbody=\toks20
\multlinegap=\skip54
\multlinetaggap=\skip55
\mathdisplay@stack=\toks21
LaTeX Info: Redefining \[ on input line 2665.
LaTeX Info: Redefining \] on input line 2666.
)
("C:\Users\Taghi\eclipseWorkspace\School\Project\NAO-ALPHA-AS-FUCK-ROBOTS\Artic
le parts\Gabi\SLAM_PAPER.aux")
LaTeX Font Info:    Checking defaults for OML/cmm/m/it on input line 21.
LaTeX Font Info:    ... okay on input line 21.
LaTeX Font Info:    Checking defaults for T1/cmr/m/n on input line 21.
LaTeX Font Info:    ... okay on input line 21.
LaTeX Font Info:    Checking defaults for OT1/cmr/m/n on input line 21.
LaTeX Font Info:    ... okay on input line 21.
LaTeX Font Info:    Checking defaults for OMS/cmsy/m/n on input line 21.
LaTeX Font Info:    ... okay on input line 21.
LaTeX Font Info:    Checking defaults for OMX/cmex/m/n on input line 21.
LaTeX Font Info:    ... okay on input line 21.
LaTeX Font Info:    Checking defaults for U/cmr/m/n on input line 21.
LaTeX Font Info:    ... okay on input line 21.

(C:\Users\Taghi\AppData\Roaming\MiKTeX\2.9\tex\context\base\supp-pdf.mkii
[Loading MPS to PDF converter (version 2006.09.02).]
\scratchcounter=\count102
\scratchdimen=\dimen115
\scratchbox=\box30
\nofMPsegments=\count103
\nofMParguments=\count104
\everyMPshowfont=\toks22
\MPscratchCnt=\count105
\MPscratchDim=\dimen116
\MPnumerator=\count106
\makeMPintoPDFobject=\count107
\everyMPtoPDFconversion=\toks23
)
english
<bigMatrix.jpg, id=1, 934.49126pt x 326.21875pt>
File: bigMatrix.jpg Graphic file (type jpg)
 <use bigMatrix.jpg>
Package pdftex.def Info: bigMatrix.jpg used on input line 59.
(pdftex.def)             Requested size: 252.94499pt x 88.29926pt.

Overfull \hbox (9.03374pt too wide) in paragraph at lines 59--59
[][] 
 []


Underfull \hbox (badness 10000) in paragraph at lines 57--59

 []


Underfull \hbox (badness 1033) in paragraph at lines 57--59
\OT1/cmr/m/n/10 During the run-time of the al-go-rithm, the state is
 []


Underfull \hbox (badness 10000) in paragraph at lines 57--59

 []

Missing character: There is no â in font cmr10!
Missing character: There is no € in font cmr10!
Missing character: There is no ™ in font cmr10!
Missing character: There is no â in font cmr10!
Missing character: There is no € in font cmr10!
Missing character: There is no ™ in font cmr10!
Missing character: There is no â in font cmr10!
Missing character: There is no € in font cmr10!
Missing character: There is no ™ in font cmr10!
Missing character: There is no â in font cmr10!
Missing character: There is no € in font cmr10!
Missing character: There is no ™ in font cmr10!
Missing character: There is no â in font cmr10!
Missing character: There is no € in font cmr10!
Missing character: There is no ™ in font cmr10!

Underfull \hbox (badness 10000) in paragraph at lines 59--68

 []

<<<<<<< Updated upstream

Underfull \hbox (badness 1365) in paragraph at lines 59--68
\OT1/cmr/m/n/10 The ma-trix $^^F$ con-tains co-vari-ances be-tween the 3
 []


Underfull \hbox (badness 10000) in paragraph at lines 59--68

 []


Underfull \hbox (badness 2529) in paragraph at lines 59--68
\OT1/cmr/m/n/10 The al-go-rithm is ini-tial-ized with both $\OML/cmm/m/it/10 ^^
V$ \OT1/cmr/m/n/10 and $^^F$
 []


Underfull \hbox (badness 10000) in paragraph at lines 59--68

 []


Underfull \hbox (badness 3209) in paragraph at lines 59--68
\OT1/cmr/m/n/10 EKF is an it-er-a-tive al-go-rithm. When-ever new
 []


Underfull \hbox (badness 10000) in paragraph at lines 59--68

 []


Underfull \hbox (badness 10000) in paragraph at lines 59--68

 []


Underfull \hbox (badness 10000) in paragraph at lines 59--68

 []


Underfull \hbox (badness 10000) in paragraph at lines 59--68

 []


Underfull \hbox (badness 10000) in paragraph at lines 59--68

 []


Underfull \vbox (badness 2600) has occurred while \output is active []

 [1{/var/lib/texmf/fonts/map/pdftex/updmap/pdftex.map}



 <./bigMatrix.jpg>]
Underfull \hbox (badness 10000) in paragraph at lines 77--79
=======
[1{C:/Users/Taghi/AppData/Local/MiKTeX/2.9/pdftex/config/pdftex.map}



 <C:/Users/Taghi/eclipseWorkspace/School/Project/NAO-ALPHA-AS-FUCK-ROBOTS/Artic
le parts/Gabi/bigMatrix.jpg>]
Underfull \hbox (badness 10000) in paragraph at lines 74--82
>>>>>>> Stashed changes

 []


Underfull \hbox (badness 10000) in paragraph at lines 82--90

 []


Underfull \hbox (badness 10000) in paragraph at lines 82--90

 []


Underfull \hbox (badness 10000) in paragraph at lines 82--90

 []


Underfull \hbox (badness 10000) in paragraph at lines 82--90

 []


Package Fancyhdr Warning: \headheight is too small (12.0pt): 
 Make it at least 27.40558pt.
 We now make it that large for the rest of the document.
 This may cause the page layout to be inconsistent, however.

[2]
Underfull \hbox (badness 10000) in paragraph at lines 127--129

 []

<figure_IP1.png, id=22, 321.2pt x 240.9pt>
File: figure_IP1.png Graphic file (type png)
 <use figure_IP1.png>
<<<<<<< Updated upstream
Overfull \hbox (9.03374pt too wide) in paragraph at lines 141--141
=======
Package pdftex.def Info: figure_IP1.png used on input line 133.
(pdftex.def)             Requested size: 252.94499pt x 189.71341pt.

Overfull \hbox (9.03374pt too wide) in paragraph at lines 133--133
>>>>>>> Stashed changes
[][] 
 []


Underfull \hbox (badness 10000) in paragraph at lines 129--141

 []


Underfull \hbox (badness 10000) in paragraph at lines 129--141

 []


Underfull \hbox (badness 10000) in paragraph at lines 129--141

 []


Underfull \hbox (badness 1102) in paragraph at lines 129--141
\OT1/cmr/m/n/10 The value of '120' has ex-per-i-men-tally been shown
 []


<<<<<<< Updated upstream
Underfull \hbox (badness 1231) in paragraph at lines 129--141
\OT1/cmr/m/n/10 adding/subtracting $\OML/cmm/m/it/10 ^^O$\OT1/cmr/m/n/10 , be-c
ause (in the case of this
=======
Underfull \hbox (badness 1231) in paragraph at lines 121--133
\OT1/cmr/m/n/10 adding/subtracting $\OML/cmm/m/it/10 $\OT1/cmr/m/n/10 , be-cau
se (in the case of this
>>>>>>> Stashed changes
 []


Underfull \hbox (badness 10000) in paragraph at lines 129--141

 []

<figure_IP2.png, id=23, 380.92313pt x 285.31593pt>
File: figure_IP2.png Graphic file (type png)
 <use figure_IP2.png>
<<<<<<< Updated upstream
Overfull \hbox (9.03374pt too wide) in paragraph at lines 142--142
=======
Package pdftex.def Info: figure_IP2.png used on input line 134.
(pdftex.def)             Requested size: 252.94499pt x 189.45844pt.

Overfull \hbox (9.03374pt too wide) in paragraph at lines 134--134
>>>>>>> Stashed changes
[][] 
 []


Underfull \hbox (badness 10000) in paragraph at lines 147--150

 []

[3 <./figure_IP1.png (PNG copy)> <./figure_IP2.png (PNG copy)>]
<figure_IP3.png, id=27, 381.67593pt x 283.81032pt>
File: figure_IP3.png Graphic file (type png)
 <use figure_IP3.png>
<<<<<<< Updated upstream
Overfull \hbox (9.03374pt too wide) in paragraph at lines 153--153
=======
Package pdftex.def Info: figure_IP3.png used on input line 145.
(pdftex.def)             Requested size: 252.94499pt x 188.08623pt.

Overfull \hbox (9.03374pt too wide) in paragraph at lines 145--145
>>>>>>> Stashed changes
[][] 
 []


Underfull \hbox (badness 10000) in paragraph at lines 152--153

 []


Underfull \vbox (badness 10000) has occurred while \output is active []


<figure_IP4.png, id=28, 380.92313pt x 278.54062pt>
File: figure_IP4.png Graphic file (type png)
 <use figure_IP4.png>
<<<<<<< Updated upstream
Overfull \hbox (9.03374pt too wide) in paragraph at lines 155--155
=======
Package pdftex.def Info: figure_IP4.png used on input line 147.
(pdftex.def)             Requested size: 252.94499pt x 184.95941pt.

Overfull \hbox (9.03374pt too wide) in paragraph at lines 147--147
>>>>>>> Stashed changes
[][] 
 []


Underfull \hbox (badness 10000) in paragraph at lines 154--155

 []

<<<<<<< Updated upstream
<figure_IP5.png, id=29, 381.67593pt x 278.54062pt>
File: figure_IP5.png Graphic file (type png)
 <use figure_IP5.png>
Overfull \hbox (9.03374pt too wide) in paragraph at lines 157--157
=======
[3 <C:/Users/Taghi/eclipseWorkspace/School/Project/NAO-ALPHA-AS-FUCK-ROBOTS/Art
icle parts/Gabi/figure_IP1.png (PNG copy)> <C:/Users/Taghi/eclipseWorkspace/Sch
ool/Project/NAO-ALPHA-AS-FUCK-ROBOTS/Article parts/Gabi/figure_IP2.png> <C:/Use
rs/Taghi/eclipseWorkspace/School/Project/NAO-ALPHA-AS-FUCK-ROBOTS/Article parts
/Gabi/figure_IP3.png>] <figure_IP5.png, id=29, 381.67593pt x 278.54062pt>
File: figure_IP5.png Graphic file (type png)

<use figure_IP5.png>
Package pdftex.def Info: figure_IP5.png used on input line 149.
(pdftex.def)             Requested size: 252.94499pt x 184.5939pt.

Overfull \hbox (9.03374pt too wide) in paragraph at lines 149--149
>>>>>>> Stashed changes
[][] 
 []


Underfull \hbox (badness 10000) in paragraph at lines 156--157

 []


Underfull \vbox (badness 10000) has occurred while \output is active []

 [4 <./figure_IP3.png (PNG copy)> <./figure_IP4.png (PNG copy)>]
Underfull \hbox (badness 10000) in paragraph at lines 158--160

 []


Underfull \hbox (badness 2088) in paragraph at lines 158--160
\OT1/cmr/m/n/10 Now that all the land-marks have been ex-tracted
 []


<<<<<<< Updated upstream
Underfull \hbox (badness 10000) in paragraph at lines 195--196
[]\OT1/cmr/m/n/10 RoboCup Tech-ni-cal Com-mit-tee, \OT1/cmr/m/it/10 Stan-
 []


Underfull \hbox (badness 10000) in paragraph at lines 195--196
\OT1/cmr/m/it/10 dard Plat-form League (Nao) Rule Book\OT1/cmr/m/n/10 ,
 []


Overfull \hbox (24.92265pt too wide) in paragraph at lines 195--196
\OT1/cmr/m/n/10 www.tzi.de/spl/pub/Website/Downloads/Rules2012.pdf,
=======
Underfull \hbox (badness 10000) in paragraph at lines 184--185
[]\OT1/cmr/m/n/10 RoboCup Tech-ni-cal Com-mit-tee, Stan-
 []


Underfull \hbox (badness 10000) in paragraph at lines 184--185
\OT1/cmr/m/n/10 dard Plat-form League (Nao) Rule Book,
 []


Overfull \hbox (18.66512pt too wide) in paragraph at lines 184--185
\OT1/cmr/m/it/10 www.tzi.de/spl/pub/Website/Downloads/Rules2012.pdf\OT1/cmr/m/n
/10 ,
>>>>>>> Stashed changes
 []

Missing character: There is no Â in font cmti10!
Missing character: There is no ´ in font cmti10!
Missing character: There is no Â in font cmr10!
Missing character: There is no ´ in font cmr10!
Missing character: There is no Ë in font cmr10!
Missing character: There is no œ in font cmr10!
Missing character: There is no Â in font cmr10!
Missing character: There is no ´ in font cmr10!
Missing character: There is no Â in font cmr10!
Missing character: There is no ´ in font cmr10!

<<<<<<< Updated upstream
Underfull \hbox (badness 10000) in paragraph at lines 205--206
=======
Underfull \hbox (badness 10000) in paragraph at lines 193--194
>>>>>>> Stashed changes
[]\OT1/cmr/m/n/10 Giorgio Grisetti, Rainer Kum-merle, Cyrill
 []


<<<<<<< Updated upstream
Underfull \hbox (badness 10000) in paragraph at lines 205--206
=======
Underfull \hbox (badness 10000) in paragraph at lines 193--194
>>>>>>> Stashed changes
\OT1/cmr/m/n/10 Stach-niss, Wol-fram Bur-gard, ``A tu-to-rial
 []


<<<<<<< Updated upstream
Underfull \hbox (badness 10000) in paragraph at lines 205--206
=======
Underfull \hbox (badness 10000) in paragraph at lines 193--194
>>>>>>> Stashed changes
\OT1/cmr/m/n/10 on Graph SLAM," \OT1/cmr/m/it/10 http://ais.informatik.uni-
 []


<<<<<<< Updated upstream
Overfull \hbox (12.74278pt too wide) in paragraph at lines 205--206
=======
Overfull \hbox (12.74278pt too wide) in paragraph at lines 193--194
>>>>>>> Stashed changes
\OT1/cmr/m/it/10 freiburg.de/teaching/ws10/praktikum/slamtutorial.pdf\OT1/cmr/m
/n/10 ,
 []


<<<<<<< Updated upstream
Underfull \hbox (badness 1769) in paragraph at lines 207--208
=======
Underfull \hbox (badness 1769) in paragraph at lines 195--196
>>>>>>> Stashed changes
[]\OT1/cmr/m/n/10 Brian Ya-mauchi, ``Fron-tier based ex-plo-ration,"
 []


<<<<<<< Updated upstream
Underfull \hbox (badness 10000) in paragraph at lines 207--208
=======
Underfull \hbox (badness 10000) in paragraph at lines 195--196
>>>>>>> Stashed changes
\OT1/cmr/m/it/10 http://robotfrontier.com/frontier/index.html\OT1/cmr/m/n/10 , 
ac-
 []

<<<<<<< Updated upstream

Underfull \hbox (badness 10000) in paragraph at lines 209--210
[]\OT1/cmr/m/n/10 Cyrill Stach-niss, "Robot Map-ping
 []


Underfull \hbox (badness 10000) in paragraph at lines 209--210
\OT1/cmr/m/n/10 EKF SLAM", \OT1/cmr/m/it/10 http://ais.informatik.uni-
 []


Underfull \hbox (badness 10000) in paragraph at lines 209--210
\OT1/cmr/m/it/10 freiburg.de/teaching/ws12/mapping/pdf/slam04-
 []

[5 <./figure_IP5.png (PNG copy)>] (./SLAM_PAPER.aux) ) 
Here is how much of TeX's memory you used:
 2107 strings out of 495061
 25139 string characters out of 1182622
 92370 words of memory out of 3000000
 5282 multiletter control sequences out of 15000+50000
 9369 words of font info for 34 fonts, out of 3000000 for 9000
 28 hyphenation exceptions out of 8191
 31i,11n,45p,771b,240s stack positions out of 5000i,500n,10000p,200000b,50000s
</usr/share/texmf-texlive
/fonts/type1/public/amsfonts/cm/cmbx10.pfb></usr/share/texmf-texlive/fonts/type
1/public/amsfonts/cm/cmbx12.pfb></usr/share/texmf-texlive/fonts/type1/public/am
sfonts/cm/cmex10.pfb></usr/share/texmf-texlive/fonts/type1/public/amsfonts/cm/c
mmi10.pfb></usr/share/texmf-texlive/fonts/type1/public/amsfonts/cm/cmmi7.pfb></
usr/share/texmf-texlive/fonts/type1/public/amsfonts/cm/cmr10.pfb></usr/share/te
xmf-texlive/fonts/type1/public/amsfonts/cm/cmr12.pfb></usr/share/texmf-texlive/
fonts/type1/public/amsfonts/cm/cmr17.pfb></usr/share/texmf-texlive/fonts/type1/
public/amsfonts/cm/cmr7.pfb></usr/share/texmf-texlive/fonts/type1/public/amsfon
ts/cm/cmr8.pfb></usr/share/texmf-texlive/fonts/type1/public/amsfonts/cm/cmsy10.
pfb></usr/share/texmf-texlive/fonts/type1/public/amsfonts/cm/cmsy7.pfb></usr/sh
are/texmf-texlive/fonts/type1/public/amsfonts/cm/cmti10.pfb>
Output written on SLAM_PAPER.pdf (5 pages, 434046 bytes).
=======
[4 <C:/Users/Taghi/eclipseWorkspace/School/Project/NAO-ALPHA-AS-FUCK-ROBOTS/Art
icle parts/Gabi/figure_IP4.png> <C:/Users/Taghi/eclipseWorkspace/School/Project
/NAO-ALPHA-AS-FUCK-ROBOTS/Article parts/Gabi/figure_IP5.png>]
("C:\Users\Taghi\eclipseWorkspace\School\Project\NAO-ALPHA-AS-FUCK-ROBOTS\Artic
le parts\Gabi\SLAM_PAPER.aux") ) 
Here is how much of TeX's memory you used:
 2330 strings out of 493921
 29545 string characters out of 3147283
 97051 words of memory out of 3000000
 5613 multiletter control sequences out of 15000+200000
 9369 words of font info for 34 fonts, out of 3000000 for 9000
 841 hyphenation exceptions out of 8191
 31i,10n,45p,653b,266s stack positions out of 5000i,500n,10000p,200000b,50000s
<C:/Program Files/MiKTeX 2.9/fonts/type1/public
/amsfonts/cm/cmbx10.pfb><C:/Program Files/MiKTeX 2.9/fonts/type1/public/amsfont
s/cm/cmbx12.pfb><C:/Program Files/MiKTeX 2.9/fonts/type1/public/amsfonts/cm/cme
x10.pfb><C:/Program Files/MiKTeX 2.9/fonts/type1/public/amsfonts/cm/cmmi10.pfb>
<C:/Program Files/MiKTeX 2.9/fonts/type1/public/amsfonts/cm/cmmi7.pfb><C:/Progr
am Files/MiKTeX 2.9/fonts/type1/public/amsfonts/cm/cmr10.pfb><C:/Program Files/
MiKTeX 2.9/fonts/type1/public/amsfonts/cm/cmr12.pfb><C:/Program Files/MiKTeX 2.
9/fonts/type1/public/amsfonts/cm/cmr17.pfb><C:/Program Files/MiKTeX 2.9/fonts/t
ype1/public/amsfonts/cm/cmr7.pfb><C:/Program Files/MiKTeX 2.9/fonts/type1/publi
c/amsfonts/cm/cmr8.pfb><C:/Program Files/MiKTeX 2.9/fonts/type1/public/amsfonts
/cm/cmsy10.pfb><C:/Program Files/MiKTeX 2.9/fonts/type1/public/amsfonts/cm/cmsy
7.pfb><C:/Program Files/MiKTeX 2.9/fonts/type1/public/amsfonts/cm/cmti10.pfb>
Output written on SLAM_PAPER.pdf (4 pages, 409295 bytes).
>>>>>>> Stashed changes
PDF statistics:
 73 PDF objects out of 1000 (max. 8388607)
 0 named destinations out of 1000 (max. 500000)
 31 words of extra memory for PDF output out of 10000 (max. 10000000)

