This is pdfTeX, Version 3.1415926-2.5-1.40.14 (MiKTeX 2.9) (preloaded format=pdflatex 2014.1.16)  20 JAN 2014 21:27
entering extended mode
**SLAM_PAPER_DENNIS.tex
("D:\NAO-ALPHA-AS-FUCK-ROBOTS\Article parts\Dennis\SLAM_PAPER_DENNIS.tex"
LaTeX2e <2011/06/27>
Babel <v3.8m> and hyphenation patterns for english, afrikaans, ancientgreek, ar
abic, armenian, assamese, basque, bengali, bokmal, bulgarian, catalan, coptic, 
croatian, czech, danish, dutch, esperanto, estonian, farsi, finnish, french, ga
lician, german, german-x-2013-05-26, greek, gujarati, hindi, hungarian, iceland
ic, indonesian, interlingua, irish, italian, kannada, kurmanji, latin, latvian,
 lithuanian, malayalam, marathi, mongolian, mongolianlmc, monogreek, ngerman, n
german-x-2013-05-26, nynorsk, oriya, panjabi, pinyin, polish, portuguese, roman
ian, russian, sanskrit, serbian, slovak, slovenian, spanish, swedish, swissgerm
an, tamil, telugu, turkish, turkmen, ukenglish, ukrainian, uppersorbian, usengl
ishmax, welsh, loaded.
("D:\NAO-ALPHA-AS-FUCK-ROBOTS\Article parts\Dennis\ba-kecs.cls"
Document Class: ba-kecs 2005/01/04
Conference Style, KECS Bachelor
("D:\Apps\MiKTeX 2.9\tex\latex\base\article.cls"
Document Class: article 2007/10/19 v1.4h Standard LaTeX document class
("D:\Apps\MiKTeX 2.9\tex\latex\base\size10.clo"
File: size10.clo 2007/10/19 v1.4h Standard LaTeX file (size option)
)
\c@part=\count79
\c@section=\count80
\c@subsection=\count81
\c@subsubsection=\count82
\c@paragraph=\count83
\c@subparagraph=\count84
\c@figure=\count85
\c@table=\count86
\abovecaptionskip=\skip41
\belowcaptionskip=\skip42
\bibindent=\dimen102
)
("D:\NAO-ALPHA-AS-FUCK-ROBOTS\Article parts\Dennis\fancyhdr.sty"
\fancy@headwidth=\skip43
\f@ncyO@elh=\skip44
\f@ncyO@erh=\skip45
\f@ncyO@olh=\skip46
\f@ncyO@orh=\skip47
\f@ncyO@elf=\skip48
\f@ncyO@erf=\skip49
\f@ncyO@olf=\skip50
\f@ncyO@orf=\skip51
)
("D:\Apps\MiKTeX 2.9\tex\generic\babel\babel.sty"
Package: babel 2008/07/08 v3.8m The Babel package

*************************************
* Local config file bblopts.cfg used
*
("D:\Apps\MiKTeX 2.9\tex\latex\00miktex\bblopts.cfg"
File: bblopts.cfg 2006/07/31 v1.0 MiKTeX 'babel' configuration
)
("D:\Apps\MiKTeX 2.9\tex\generic\babel\dutch.ldf"
Language: dutch 2005/03/30 v3.8i Dutch support from the babel system

("D:\Apps\MiKTeX 2.9\tex\generic\babel\babel.def"
File: babel.def 2008/07/08 v3.8m Babel common definitions
\babel@savecnt=\count87
\U@D=\dimen103
)
Package babel Info: Making " an active character on input line 132.
)
("D:\Apps\MiKTeX 2.9\tex\generic\babel\english.ldf"
Language: english 2005/03/30 v3.3o English support from the babel system
\l@canadian = a dialect from \language\l@american 
\l@australian = a dialect from \language\l@british 
\l@newzealand = a dialect from \language\l@british 
))
\titlebox=\skip52
)
("D:\Apps\MiKTeX 2.9\tex\latex\graphics\graphicx.sty"
Package: graphicx 1999/02/16 v1.0f Enhanced LaTeX Graphics (DPC,SPQR)

("D:\Apps\MiKTeX 2.9\tex\latex\graphics\keyval.sty"
Package: keyval 1999/03/16 v1.13 key=value parser (DPC)
\KV@toks@=\toks14
)
("D:\Apps\MiKTeX 2.9\tex\latex\graphics\graphics.sty"
Package: graphics 2009/02/05 v1.0o Standard LaTeX Graphics (DPC,SPQR)

("D:\Apps\MiKTeX 2.9\tex\latex\graphics\trig.sty"
Package: trig 1999/03/16 v1.09 sin cos tan (DPC)
)
("D:\Apps\MiKTeX 2.9\tex\latex\00miktex\graphics.cfg"
File: graphics.cfg 2007/01/18 v1.5 graphics configuration of teTeX/TeXLive
)
Package graphics Info: Driver file: pdftex.def on input line 91.

("D:\Apps\MiKTeX 2.9\tex\latex\pdftex-def\pdftex.def"
File: pdftex.def 2011/05/27 v0.06d Graphics/color for pdfTeX

("D:\Apps\MiKTeX 2.9\tex\generic\oberdiek\infwarerr.sty"
Package: infwarerr 2010/04/08 v1.3 Providing info/warning/error messages (HO)
)
("D:\Apps\MiKTeX 2.9\tex\generic\oberdiek\ltxcmds.sty"
Package: ltxcmds 2011/11/09 v1.22 LaTeX kernel commands for general use (HO)
)
\Gread@gobject=\count88
))
\Gin@req@height=\dimen104
\Gin@req@width=\dimen105
)
("D:\Apps\MiKTeX 2.9\tex\latex\float\float.sty"
Package: float 2001/11/08 v1.3d Float enhancements (AL)
\c@float@type=\count89
\float@exts=\toks15
\float@box=\box26
\@float@everytoks=\toks16
\@floatcapt=\box27
)
("D:\Apps\MiKTeX 2.9\tex\latex\amsmath\amsmath.sty"
Package: amsmath 2013/01/14 v2.14 AMS math features
\@mathmargin=\skip53

For additional information on amsmath, use the `?' option.
("D:\Apps\MiKTeX 2.9\tex\latex\amsmath\amstext.sty"
Package: amstext 2000/06/29 v2.01

("D:\Apps\MiKTeX 2.9\tex\latex\amsmath\amsgen.sty"
File: amsgen.sty 1999/11/30 v2.0
\@emptytoks=\toks17
\ex@=\dimen106
))
("D:\Apps\MiKTeX 2.9\tex\latex\amsmath\amsbsy.sty"
Package: amsbsy 1999/11/29 v1.2d
\pmbraise@=\dimen107
)
("D:\Apps\MiKTeX 2.9\tex\latex\amsmath\amsopn.sty"
Package: amsopn 1999/12/14 v2.01 operator names
)
\inf@bad=\count90
LaTeX Info: Redefining \frac on input line 210.
\uproot@=\count91
\leftroot@=\count92
LaTeX Info: Redefining \overline on input line 306.
\classnum@=\count93
\DOTSCASE@=\count94
LaTeX Info: Redefining \ldots on input line 378.
LaTeX Info: Redefining \dots on input line 381.
LaTeX Info: Redefining \cdots on input line 466.
\Mathstrutbox@=\box28
\strutbox@=\box29
\big@size=\dimen108
LaTeX Font Info:    Redeclaring font encoding OML on input line 566.
LaTeX Font Info:    Redeclaring font encoding OMS on input line 567.
\macc@depth=\count95
\c@MaxMatrixCols=\count96
\dotsspace@=\muskip10
\c@parentequation=\count97
\dspbrk@lvl=\count98
\tag@help=\toks18
\row@=\count99
\column@=\count100
\maxfields@=\count101
\andhelp@=\toks19
\eqnshift@=\dimen109
\alignsep@=\dimen110
\tagshift@=\dimen111
\tagwidth@=\dimen112
\totwidth@=\dimen113
\lineht@=\dimen114
\@envbody=\toks20
\multlinegap=\skip54
\multlinetaggap=\skip55
\mathdisplay@stack=\toks21
LaTeX Info: Redefining \[ on input line 2665.
LaTeX Info: Redefining \] on input line 2666.
)
("D:\NAO-ALPHA-AS-FUCK-ROBOTS\Article parts\Dennis\SLAM_PAPER_DENNIS.aux")
LaTeX Font Info:    Checking defaults for OML/cmm/m/it on input line 24.
LaTeX Font Info:    ... okay on input line 24.
LaTeX Font Info:    Checking defaults for T1/cmr/m/n on input line 24.
LaTeX Font Info:    ... okay on input line 24.
LaTeX Font Info:    Checking defaults for OT1/cmr/m/n on input line 24.
LaTeX Font Info:    ... okay on input line 24.
LaTeX Font Info:    Checking defaults for OMS/cmsy/m/n on input line 24.
LaTeX Font Info:    ... okay on input line 24.
LaTeX Font Info:    Checking defaults for OMX/cmex/m/n on input line 24.
LaTeX Font Info:    ... okay on input line 24.
LaTeX Font Info:    Checking defaults for U/cmr/m/n on input line 24.
LaTeX Font Info:    ... okay on input line 24.

("D:\Apps\MiKTeX 2.9\tex\context\base\supp-pdf.mkii"
[Loading MPS to PDF converter (version 2006.09.02).]
\scratchcounter=\count102
\scratchdimen=\dimen115
\scratchbox=\box30
\nofMPsegments=\count103
\nofMParguments=\count104
\everyMPshowfont=\toks22
\MPscratchCnt=\count105
\MPscratchDim=\dimen116
\MPnumerator=\count106
\makeMPintoPDFobject=\count107
\everyMPtoPDFconversion=\toks23
)
english
[1{C:/ProgramData/MiKTeX/2.9/pdftex/config/pdftex.map}



]
Underfull \hbox (badness 10000) in paragraph at lines 94--97

 []

<figure_IP1.png, id=9, 321.2pt x 240.9pt>
File: figure_IP1.png Graphic file (type png)
 <use figure_IP1.png>
Package pdftex.def Info: figure_IP1.png used on input line 120.
(pdftex.def)             Requested size: 252.94499pt x 189.71341pt.

Overfull \hbox (9.03374pt too wide) in paragraph at lines 120--120
[][] 
 []


Underfull \hbox (badness 1231) in paragraph at lines 117--120
\OT1/cmr/m/n/10 adding/subtracting $\OML/cmm/m/it/10 $\OT1/cmr/m/n/10 , be-cau
se (in the case of this
 []


Underfull \hbox (badness 10000) in paragraph at lines 117--120

 []

<figure_IP2.png, id=10, 380.92313pt x 285.31593pt>
File: figure_IP2.png Graphic file (type png)
 <use figure_IP2.png>
Package pdftex.def Info: figure_IP2.png used on input line 121.
(pdftex.def)             Requested size: 252.94499pt x 189.45844pt.

Overfull \hbox (9.03374pt too wide) in paragraph at lines 121--121
[][] 
 []


Underfull \vbox (badness 10000) has occurred while \output is active []



Package Fancyhdr Warning: \headheight is too small (12.0pt): 
 Make it at least 27.40558pt.
 We now make it that large for the rest of the document.
 This may cause the page layout to be inconsistent, however.

[2 <D:/NAO-ALPHA-AS-FUCK-ROBOTS/Article parts/Dennis/figure_IP1.png (PNG copy)>
] <figure_IP3.png, id=20, 381.67593pt x 283.81032pt>
File: figure_IP3.png Graphic file (type png)
 <use figure_IP3.png>
Package pdftex.def Info: figure_IP3.png used on input line 132.
(pdftex.def)             Requested size: 252.94499pt x 188.08623pt.

Overfull \hbox (9.03374pt too wide) in paragraph at lines 132--132
[][] 
 []


Underfull \hbox (badness 10000) in paragraph at lines 131--132

 []

<figure_IP4.png, id=21, 380.92313pt x 278.54062pt>
File: figure_IP4.png Graphic file (type png)
 <use figure_IP4.png>
Package pdftex.def Info: figure_IP4.png used on input line 134.
(pdftex.def)             Requested size: 252.94499pt x 184.95941pt.

Overfull \hbox (9.03374pt too wide) in paragraph at lines 134--134
[][] 
 []


Underfull \hbox (badness 10000) in paragraph at lines 133--134

 []

<figure_IP5.png, id=22, 381.67593pt x 278.54062pt>
File: figure_IP5.png Graphic file (type png)
 <use figure_IP5.png>
Package pdftex.def Info: figure_IP5.png used on input line 136.
(pdftex.def)             Requested size: 252.94499pt x 184.5939pt.

Overfull \hbox (9.03374pt too wide) in paragraph at lines 136--136
[][] 
 []


Underfull \hbox (badness 10000) in paragraph at lines 135--136

 []

[3 <D:/NAO-ALPHA-AS-FUCK-ROBOTS/Article parts/Dennis/figure_IP2.png> <D:/NAO-AL
PHA-AS-FUCK-ROBOTS/Article parts/Dennis/figure_IP3.png> <D:/NAO-ALPHA-AS-FUCK-R
OBOTS/Article parts/Dennis/figure_IP4.png>]
Underfull \hbox (badness 10000) in paragraph at lines 137--139

 []


Underfull \hbox (badness 2088) in paragraph at lines 137--139
\OT1/cmr/m/n/10 Now that all the land-marks have been ex-tracted
 []

<bigMatrix.jpg, id=26, 934.49126pt x 326.21875pt>
File: bigMatrix.jpg Graphic file (type jpg)
 <use bigMatrix.jpg>
Package pdftex.def Info: bigMatrix.jpg used on input line 152.
(pdftex.def)             Requested size: 252.94499pt x 88.29926pt.

Overfull \hbox (9.03374pt too wide) in paragraph at lines 152--152
[][] 
 []


Underfull \vbox (badness 10000) has occurred while \output is active []

Missing character: There is no â in font cmr10!
Missing character: There is no € in font cmr10!
Missing character: There is no ™ in font cmr10!
Missing character: There is no â in font cmr10!
Missing character: There is no € in font cmr10!
Missing character: There is no ™ in font cmr10!
Missing character: There is no â in font cmr10!
Missing character: There is no € in font cmr10!
Missing character: There is no ™ in font cmr10!
Missing character: There is no â in font cmr10!
Missing character: There is no € in font cmr10!
Missing character: There is no ™ in font cmr10!
Missing character: There is no â in font cmr10!
Missing character: There is no € in font cmr10!
Missing character: There is no ™ in font cmr10!
 [4 <D:/NAO-ALPHA-AS-FUCK-ROBOTS/Article parts/Dennis/figure_IP5.png> <D:/NAO-A
LPHA-AS-FUCK-ROBOTS/Article parts/Dennis/bigMatrix.jpg>]
Underfull \hbox (badness 10000) in paragraph at lines 177--179

 []


Underfull \hbox (badness 10000) in paragraph at lines 182--190

 []


Underfull \hbox (badness 10000) in paragraph at lines 182--190

 []


Underfull \hbox (badness 10000) in paragraph at lines 182--190

 []


Underfull \hbox (badness 10000) in paragraph at lines 182--190

 []

[5]
Underfull \hbox (badness 10000) in paragraph at lines 238--239
[]\OT1/cmr/m/n/10 RoboCup Tech-ni-cal Com-mit-tee, Stan-
 []


Underfull \hbox (badness 10000) in paragraph at lines 238--239
\OT1/cmr/m/n/10 dard Plat-form League (Nao) Rule Book,
 []


Overfull \hbox (18.66512pt too wide) in paragraph at lines 238--239
\OT1/cmr/m/it/10 www.tzi.de/spl/pub/Website/Downloads/Rules2012.pdf\OT1/cmr/m/n
/10 ,
 []

Missing character: There is no Â in font cmti10!
Missing character: There is no ´ in font cmti10!
Missing character: There is no Â in font cmr10!
Missing character: There is no ´ in font cmr10!
Missing character: There is no Ë in font cmr10!
Missing character: There is no œ in font cmr10!
Missing character: There is no Â in font cmr10!
Missing character: There is no ´ in font cmr10!
Missing character: There is no Â in font cmr10!
Missing character: There is no ´ in font cmr10!

Underfull \hbox (badness 10000) in paragraph at lines 247--248
[]\OT1/cmr/m/n/10 Giorgio Grisetti, Rainer Kum-merle, Cyrill
 []


Underfull \hbox (badness 10000) in paragraph at lines 247--248
\OT1/cmr/m/n/10 Stach-niss, Wol-fram Bur-gard, ``A tu-to-rial
 []


Underfull \hbox (badness 10000) in paragraph at lines 247--248
\OT1/cmr/m/n/10 on Graph SLAM," \OT1/cmr/m/it/10 http://ais.informatik.uni-
 []


Overfull \hbox (12.74278pt too wide) in paragraph at lines 247--248
\OT1/cmr/m/it/10 freiburg.de/teaching/ws10/praktikum/slamtutorial.pdf\OT1/cmr/m
/n/10 ,
 []


Underfull \hbox (badness 1769) in paragraph at lines 249--250
[]\OT1/cmr/m/n/10 Brian Ya-mauchi, ``Fron-tier based ex-plo-ration,"
 []


Underfull \hbox (badness 10000) in paragraph at lines 249--250
\OT1/cmr/m/it/10 http://robotfrontier.com/frontier/index.html\OT1/cmr/m/n/10 , 
ac-
 []


Underfull \hbox (badness 10000) in paragraph at lines 251--252
[]\OT1/cmr/m/n/10 Cyrill Stach-niss, "Robot Map-ping
 []


Underfull \hbox (badness 10000) in paragraph at lines 251--252
\OT1/cmr/m/n/10 EKF SLAM", \OT1/cmr/m/it/10 http://ais.informatik.uni-
 []


Underfull \hbox (badness 10000) in paragraph at lines 251--252
\OT1/cmr/m/it/10 freiburg.de/teaching/ws12/mapping/pdf/slam04-
 []


Underfull \hbox (badness 10000) in paragraph at lines 262--264

 []


Underfull \hbox (badness 10000) in paragraph at lines 265--281

 []


Underfull \hbox (badness 10000) in paragraph at lines 265--281

 []


Underfull \hbox (badness 10000) in paragraph at lines 282--288

 []


Underfull \hbox (badness 10000) in paragraph at lines 294--299

 []


Underfull \hbox (badness 10000) in paragraph at lines 294--299

 []


Underfull \hbox (badness 10000) in paragraph at lines 302--305

 []


Underfull \hbox (badness 10000) in paragraph at lines 302--305

 []


Underfull \hbox (badness 10000) in paragraph at lines 306--309

 []


Overfull \hbox (25.7726pt too wide) in paragraph at lines 306--309
\OT1/cmr/m/n/10 = $[]$ $\OMS/cmsy/m/n/10 $ $[] []$ 
 []


Underfull \hbox (badness 10000) in paragraph at lines 306--309

 []


Underfull \hbox (badness 10000) in paragraph at lines 306--309

 []


Overfull \hbox (67.00575pt too wide) in paragraph at lines 310--313
[]$[]$\OT1/cmr/m/n/10 H$[]$ = $[]$ $\OMS/cmsy/m/n/10 $ $[] []$ 
 []


Underfull \hbox (badness 10000) in paragraph at lines 310--313

 []


Underfull \hbox (badness 10000) in paragraph at lines 310--313

 []


Underfull \hbox (badness 10000) in paragraph at lines 314--322

 []

[6] ("D:\NAO-ALPHA-AS-FUCK-ROBOTS\Article parts\Dennis\SLAM_PAPER_DENNIS.aux")

LaTeX Warning: Label(s) may have changed. Rerun to get cross-references right.

 ) 
Here is how much of TeX's memory you used:
 2336 strings out of 493921
 28741 string characters out of 3150888
 103085 words of memory out of 3000000
 5619 multiletter control sequences out of 15000+200000
 10067 words of font info for 36 fonts, out of 3000000 for 9000
 841 hyphenation exceptions out of 8191
 31i,14n,45p,777b,240s stack positions out of 5000i,500n,10000p,200000b,50000s
<D:/Apps/MiKTeX 2.9/fonts/type1/public/amsfonts/cm/cmbx10.pfb><D:/Apps/MiKTeX
 2.9/fonts/type1/public/amsfonts/cm/cmbx12.pfb><D:/Apps/MiKTeX 2.9/fonts/type1/
public/amsfonts/cm/cmex10.pfb><D:/Apps/MiKTeX 2.9/fonts/type1/public/amsfonts/c
m/cmmi10.pfb><D:/Apps/MiKTeX 2.9/fonts/type1/public/amsfonts/cm/cmmi5.pfb><D:/A
pps/MiKTeX 2.9/fonts/type1/public/amsfonts/cm/cmmi7.pfb><D:/Apps/MiKTeX 2.9/fon
ts/type1/public/amsfonts/cm/cmr10.pfb><D:/Apps/MiKTeX 2.9/fonts/type1/public/am
sfonts/cm/cmr12.pfb><D:/Apps/MiKTeX 2.9/fonts/type1/public/amsfonts/cm/cmr17.pf
b><D:/Apps/MiKTeX 2.9/fonts/type1/public/amsfonts/cm/cmr7.pfb><D:/Apps/MiKTeX 2
.9/fonts/type1/public/amsfonts/cm/cmr8.pfb><D:/Apps/MiKTeX 2.9/fonts/type1/publ
ic/amsfonts/cm/cmsy10.pfb><D:/Apps/MiKTeX 2.9/fonts/type1/public/amsfonts/cm/cm
sy7.pfb><D:/Apps/MiKTeX 2.9/fonts/type1/public/amsfonts/cm/cmti10.pfb>
Output written on SLAM_PAPER_DENNIS.pdf (6 pages, 439443 bytes).
PDF statistics:
 83 PDF objects out of 1000 (max. 8388607)
 0 named destinations out of 1000 (max. 500000)
 31 words of extra memory for PDF output out of 10000 (max. 10000000)

