This is pdfTeX, Version 3.1415926-1.40.10 (TeX Live 2009/Debian) (format=pdflatex 2014.1.9)  16 JAN 2014 11:20
entering extended mode
 %&-line parsing enabled.
**"Image Processing.tex"
(./Image Processing.tex
LaTeX2e <2009/09/24>
Babel <v3.8l> and hyphenation patterns for english, usenglishmax, dumylang, noh
yphenation, loaded.
(/usr/share/texmf-texlive/tex/latex/base/article.cls
Document Class: article 2007/10/19 v1.4h Standard LaTeX document class
(/usr/share/texmf-texlive/tex/latex/base/size10.clo
File: size10.clo 2007/10/19 v1.4h Standard LaTeX file (size option)
)
\c@part=\count79
\c@section=\count80
\c@subsection=\count81
\c@subsubsection=\count82
\c@paragraph=\count83
\c@subparagraph=\count84
\c@figure=\count85
\c@table=\count86
\abovecaptionskip=\skip41
\belowcaptionskip=\skip42
\bibindent=\dimen102
)
(/usr/share/texmf-texlive/tex/latex/graphics/graphicx.sty
Package: graphicx 1999/02/16 v1.0f Enhanced LaTeX Graphics (DPC,SPQR)

(/usr/share/texmf-texlive/tex/latex/graphics/keyval.sty
Package: keyval 1999/03/16 v1.13 key=value parser (DPC)
\KV@toks@=\toks14
)
(/usr/share/texmf-texlive/tex/latex/graphics/graphics.sty
Package: graphics 2009/02/05 v1.0o Standard LaTeX Graphics (DPC,SPQR)

(/usr/share/texmf-texlive/tex/latex/graphics/trig.sty
Package: trig 1999/03/16 v1.09 sin cos tan (DPC)
)
(/etc/texmf/tex/latex/config/graphics.cfg
File: graphics.cfg 2009/08/28 v1.8 graphics configuration of TeX Live
)
Package graphics Info: Driver file: pdftex.def on input line 91.

(/usr/share/texmf-texlive/tex/latex/pdftex-def/pdftex.def
File: pdftex.def 2010/03/12 v0.04p Graphics/color for pdfTeX
\Gread@gobject=\count87
))
\Gin@req@height=\dimen103
\Gin@req@width=\dimen104
)
(/usr/share/texmf-texlive/tex/latex/float/float.sty
Package: float 2001/11/08 v1.3d Float enhancements (AL)
\c@float@type=\count88
\float@exts=\toks15
\float@box=\box26
\@float@everytoks=\toks16
\@floatcapt=\box27
)
(/usr/share/texmf-texlive/tex/latex/amsmath/amsmath.sty
Package: amsmath 2000/07/18 v2.13 AMS math features
\@mathmargin=\skip43

For additional information on amsmath, use the `?' option.
(/usr/share/texmf-texlive/tex/latex/amsmath/amstext.sty
Package: amstext 2000/06/29 v2.01

(/usr/share/texmf-texlive/tex/latex/amsmath/amsgen.sty
File: amsgen.sty 1999/11/30 v2.0
\@emptytoks=\toks17
\ex@=\dimen105
))
(/usr/share/texmf-texlive/tex/latex/amsmath/amsbsy.sty
Package: amsbsy 1999/11/29 v1.2d
\pmbraise@=\dimen106
)
(/usr/share/texmf-texlive/tex/latex/amsmath/amsopn.sty
Package: amsopn 1999/12/14 v2.01 operator names
)
\inf@bad=\count89
LaTeX Info: Redefining \frac on input line 211.
\uproot@=\count90
\leftroot@=\count91
LaTeX Info: Redefining \overline on input line 307.
\classnum@=\count92
\DOTSCASE@=\count93
LaTeX Info: Redefining \ldots on input line 379.
LaTeX Info: Redefining \dots on input line 382.
LaTeX Info: Redefining \cdots on input line 467.
\Mathstrutbox@=\box28
\strutbox@=\box29
\big@size=\dimen107
LaTeX Font Info:    Redeclaring font encoding OML on input line 567.
LaTeX Font Info:    Redeclaring font encoding OMS on input line 568.
\macc@depth=\count94
\c@MaxMatrixCols=\count95
\dotsspace@=\muskip10
\c@parentequation=\count96
\dspbrk@lvl=\count97
\tag@help=\toks18
\row@=\count98
\column@=\count99
\maxfields@=\count100
\andhelp@=\toks19
\eqnshift@=\dimen108
\alignsep@=\dimen109
\tagshift@=\dimen110
\tagwidth@=\dimen111
\totwidth@=\dimen112
\lineht@=\dimen113
\@envbody=\toks20
\multlinegap=\skip44
\multlinetaggap=\skip45
\mathdisplay@stack=\toks21
LaTeX Info: Redefining \[ on input line 2666.
LaTeX Info: Redefining \] on input line 2667.
)
\@float@every@floatbox=\toks22
\c@floatbox=\count101

(./Image Processing.aux)
\openout1 = `"Image Processing.aux"'.

LaTeX Font Info:    Checking defaults for OML/cmm/m/it on input line 19.
LaTeX Font Info:    ... okay on input line 19.
LaTeX Font Info:    Checking defaults for T1/cmr/m/n on input line 19.
LaTeX Font Info:    ... okay on input line 19.
LaTeX Font Info:    Checking defaults for OT1/cmr/m/n on input line 19.
LaTeX Font Info:    ... okay on input line 19.
LaTeX Font Info:    Checking defaults for OMS/cmsy/m/n on input line 19.
LaTeX Font Info:    ... okay on input line 19.
LaTeX Font Info:    Checking defaults for OMX/cmex/m/n on input line 19.
LaTeX Font Info:    ... okay on input line 19.
LaTeX Font Info:    Checking defaults for U/cmr/m/n on input line 19.
LaTeX Font Info:    ... okay on input line 19.

(/usr/share/texmf-texlive/tex/context/base/supp-pdf.mkii
[Loading MPS to PDF converter (version 2006.09.02).]
\scratchcounter=\count102
\scratchdimen=\dimen114
\scratchbox=\box30
\nofMPsegments=\count103
\nofMParguments=\count104
\everyMPshowfont=\toks23
\MPscratchCnt=\count105
\MPscratchDim=\dimen115
\MPnumerator=\count106
\everyMPtoPDFconversion=\toks24
)
Underfull \hbox (badness 10000) in paragraph at lines 27--33

 []


Underfull \hbox (badness 1430) in paragraph at lines 27--33
\OT1/cmr/m/n/10 First the im-age is pre-pro-cessed. In this step
 []

<figure_IP1.png, id=1, 321.2pt x 240.9pt>
File: figure_IP1.png Graphic file (type png)
 <use figure_IP1.png>
Overfull \hbox (5.0pt too wide) in paragraph at lines 49--49
[][] 
 []


Underfull \hbox (badness 10000) in paragraph at lines 35--49

 []


Underfull \hbox (badness 10000) in paragraph at lines 35--49

 []


Underfull \hbox (badness 10000) in paragraph at lines 35--49

 []


Underfull \hbox (badness 10000) in paragraph at lines 35--49

 []


Underfull \hbox (badness 10000) in paragraph at lines 35--49

 []


Underfull \hbox (badness 10000) in paragraph at lines 35--49

 []

<figure_IP2.png, id=2, 380.92313pt x 285.31593pt>
File: figure_IP2.png Graphic file (type png)
 <use figure_IP2.png>
Overfull \hbox (5.0pt too wide) in paragraph at lines 50--50
[][] 
 []


Underfull \vbox (badness 10000) has occurred while \output is active []

 [1{/var/lib/texmf/fonts/map/pdftex/updmap/pdftex.map}


]
Underfull \hbox (badness 1337) in paragraph at lines 51--52
[]\OT1/cmr/m/n/10 Before con-tin-u-ing pre-pro-cess-ing, the goal-posts
 []


Underfull \hbox (badness 10000) in paragraph at lines 55--58

 []

<figure_IP3.png, id=15, 381.67593pt x 283.81032pt>
File: figure_IP3.png Graphic file (type png)
 <use figure_IP3.png>
Overfull \hbox (5.0pt too wide) in paragraph at lines 61--61
[][] 
 []


Underfull \hbox (badness 10000) in paragraph at lines 60--61

 []


Underfull \vbox (badness 10000) has occurred while \output is active []

 [2 <./figure_IP1.png (PNG copy)> <./figure_IP2.png (PNG copy)>]
<figure_IP4.png, id=19, 380.92313pt x 278.54062pt>
File: figure_IP4.png Graphic file (type png)
 <use figure_IP4.png>
Overfull \hbox (5.0pt too wide) in paragraph at lines 63--63
[][] 
 []


Underfull \hbox (badness 10000) in paragraph at lines 62--63

 []

<figure_IP5.png, id=20, 381.67593pt x 278.54062pt>
File: figure_IP5.png Graphic file (type png)
 <use figure_IP5.png>
Overfull \hbox (5.0pt too wide) in paragraph at lines 65--65
[][] 
 []


Underfull \hbox (badness 10000) in paragraph at lines 64--65

 []


Underfull \hbox (badness 10000) in paragraph at lines 66--68

 []

Missing character: There is no Â in font cmti10!
Missing character: There is no ´ in font cmti10!

Underfull \hbox (badness 1117) in paragraph at lines 75--76
[]\OT1/cmr/m/n/10 Amogh Gudi, Patrick de Kok, Geor-giosK.
 []


Underfull \hbox (badness 3780) in paragraph at lines 75--76
\OT1/cmr/m/n/10 Metheni-tis, Niko-laas Steen-ber-gen, "Vi-sual
 []


Underfull \hbox (badness 6691) in paragraph at lines 75--76
\OT1/cmr/m/n/10 Goal De-tec-tion for the RoboCup Stan-
 []

Missing character: There is no Â in font cmr10!
Missing character: There is no ´ in font cmr10!
Missing character: There is no Ë in font cmr10!
Missing character: There is no œ in font cmr10!
Missing character: There is no Â in font cmr10!
Missing character: There is no ´ in font cmr10!
Missing character: There is no Â in font cmr10!
Missing character: There is no ´ in font cmr10!

Underfull \hbox (badness 2591) in paragraph at lines 77--79
[]\OT1/cmr/m/n/10 Jose M. Canas, Domenec Puig, Ed-uardo
 []

[3 <./figure_IP3.png (PNG copy)> <./figure_IP4.png (PNG copy)> <./figure_IP5.pn
g (PNG copy)>] (./Image Processing.aux) ) 
Here is how much of TeX's memory you used:
 1619 strings out of 495061
 19516 string characters out of 1182622
 77393 words of memory out of 3000000
 4817 multiletter control sequences out of 15000+50000
 9061 words of font info for 33 fonts, out of 3000000 for 9000
 28 hyphenation exceptions out of 8191
 27i,7n,20p,646b,213s stack positions out of 5000i,500n,10000p,200000b,50000s
</usr/share/texmf-texlive/fonts/type1/
public/amsfonts/cm/cmbx12.pfb></usr/share/texmf-texlive/fonts/type1/public/amsf
onts/cm/cmmi10.pfb></usr/share/texmf-texlive/fonts/type1/public/amsfonts/cm/cmm
i5.pfb></usr/share/texmf-texlive/fonts/type1/public/amsfonts/cm/cmmi7.pfb></usr
/share/texmf-texlive/fonts/type1/public/amsfonts/cm/cmr10.pfb></usr/share/texmf
-texlive/fonts/type1/public/amsfonts/cm/cmr12.pfb></usr/share/texmf-texlive/fon
ts/type1/public/amsfonts/cm/cmr17.pfb></usr/share/texmf-texlive/fonts/type1/pub
lic/amsfonts/cm/cmsy10.pfb></usr/share/texmf-texlive/fonts/type1/public/amsfont
s/cm/cmti10.pfb>
Output written on "Image Processing.pdf" (3 pages, 330985 bytes).
PDF statistics:
 53 PDF objects out of 1000 (max. 8388607)
 0 named destinations out of 1000 (max. 500000)
 26 words of extra memory for PDF output out of 10000 (max. 10000000)

