This is pdfTeX, Version 3.1415926-2.3-1.40.12 (MiKTeX 2.9) (preloaded format=pdflatex 2012.10.8)  21 JAN 2014 14:05
entering extended mode
**SLAM_PAPER.tex
("D:\NewWorkspace\NAO-ALPHA-AS-FUCK-ROBOTS\Article parts\Roel\SLAM_PAPER.tex"
LaTeX2e <2011/06/27>
Babel <v3.8m> and hyphenation patterns for english, afrikaans, ancientgreek, ar
abic, armenian, assamese, basque, bengali, bokmal, bulgarian, catalan, coptic, 
croatian, czech, danish, dutch, esperanto, estonian, farsi, finnish, french, ga
lician, german, german-x-2009-06-19, greek, gujarati, hindi, hungarian, iceland
ic, indonesian, interlingua, irish, italian, kannada, kurmanji, lao, latin, lat
vian, lithuanian, malayalam, marathi, mongolian, mongolianlmc, monogreek, ngerm
an, ngerman-x-2009-06-19, nynorsk, oriya, panjabi, pinyin, polish, portuguese, 
romanian, russian, sanskrit, serbian, slovak, slovenian, spanish, swedish, swis
sgerman, tamil, telugu, turkish, turkmen, ukenglish, ukrainian, uppersorbian, u
senglishmax, welsh, loaded.
("D:\NewWorkspace\NAO-ALPHA-AS-FUCK-ROBOTS\Article parts\Roel\ba-kecs.cls"
Document Class: ba-kecs 2005/01/04
Conference Style, KECS Bachelor
("D:\MiKTeX 2.9.2\tex\latex\base\article.cls"
Document Class: article 2007/10/19 v1.4h Standard LaTeX document class
("D:\MiKTeX 2.9.2\tex\latex\base\size10.clo"
File: size10.clo 2007/10/19 v1.4h Standard LaTeX file (size option)
)
\c@part=\count79
\c@section=\count80
\c@subsection=\count81
\c@subsubsection=\count82
\c@paragraph=\count83
\c@subparagraph=\count84
\c@figure=\count85
\c@table=\count86
\abovecaptionskip=\skip41
\belowcaptionskip=\skip42
\bibindent=\dimen102
)
("D:\NewWorkspace\NAO-ALPHA-AS-FUCK-ROBOTS\Article parts\Roel\fancyhdr.sty"
\fancy@headwidth=\skip43
\f@ncyO@elh=\skip44
\f@ncyO@erh=\skip45
\f@ncyO@olh=\skip46
\f@ncyO@orh=\skip47
\f@ncyO@elf=\skip48
\f@ncyO@erf=\skip49
\f@ncyO@olf=\skip50
\f@ncyO@orf=\skip51
)
("D:\MiKTeX 2.9.2\tex\generic\babel\babel.sty"
Package: babel 2008/07/08 v3.8m The Babel package

*************************************
* Local config file bblopts.cfg used
*
("D:\MiKTeX 2.9.2\tex\latex\00miktex\bblopts.cfg"
File: bblopts.cfg 2006/07/31 v1.0 MiKTeX 'babel' configuration
)
("D:\MiKTeX 2.9.2\tex\generic\babel\dutch.ldf"
Language: dutch 2005/03/30 v3.8i Dutch support from the babel system

("D:\MiKTeX 2.9.2\tex\generic\babel\babel.def"
File: babel.def 2008/07/08 v3.8m Babel common definitions
\babel@savecnt=\count87
\U@D=\dimen103
)
Package babel Info: Making " an active character on input line 132.
)
("D:\MiKTeX 2.9.2\tex\generic\babel\english.ldf"
Language: english 2005/03/30 v3.3o English support from the babel system
\l@canadian = a dialect from \language\l@american 
\l@australian = a dialect from \language\l@british 
\l@newzealand = a dialect from \language\l@british 
))
\titlebox=\skip52
)
("D:\MiKTeX 2.9.2\tex\latex\graphics\graphicx.sty"
Package: graphicx 1999/02/16 v1.0f Enhanced LaTeX Graphics (DPC,SPQR)

("D:\MiKTeX 2.9.2\tex\latex\graphics\keyval.sty"
Package: keyval 1999/03/16 v1.13 key=value parser (DPC)
\KV@toks@=\toks14
)
("D:\MiKTeX 2.9.2\tex\latex\graphics\graphics.sty"
Package: graphics 2009/02/05 v1.0o Standard LaTeX Graphics (DPC,SPQR)

("D:\MiKTeX 2.9.2\tex\latex\graphics\trig.sty"
Package: trig 1999/03/16 v1.09 sin cos tan (DPC)
)
("D:\MiKTeX 2.9.2\tex\latex\00miktex\graphics.cfg"
File: graphics.cfg 2007/01/18 v1.5 graphics configuration of teTeX/TeXLive
)
Package graphics Info: Driver file: pdftex.def on input line 91.

("D:\MiKTeX 2.9.2\tex\latex\pdftex-def\pdftex.def"
File: pdftex.def 2011/05/27 v0.06d Graphics/color for pdfTeX

("D:\MiKTeX 2.9.2\tex\generic\oberdiek\infwarerr.sty"
Package: infwarerr 2010/04/08 v1.3 Providing info/warning/error messages (HO)
)
("D:\MiKTeX 2.9.2\tex\generic\oberdiek\ltxcmds.sty"
Package: ltxcmds 2011/11/09 v1.22 LaTeX kernel commands for general use (HO)
)
\Gread@gobject=\count88
))
\Gin@req@height=\dimen104
\Gin@req@width=\dimen105
)
("D:\MiKTeX 2.9.2\tex\latex\float\float.sty"
Package: float 2001/11/08 v1.3d Float enhancements (AL)
\c@float@type=\count89
\float@exts=\toks15
\float@box=\box26
\@float@everytoks=\toks16
\@floatcapt=\box27
)
("D:\MiKTeX 2.9.2\tex\latex\ams\math\amsmath.sty"
Package: amsmath 2000/07/18 v2.13 AMS math features
\@mathmargin=\skip53

For additional information on amsmath, use the `?' option.
("D:\MiKTeX 2.9.2\tex\latex\ams\math\amstext.sty"
Package: amstext 2000/06/29 v2.01

("D:\MiKTeX 2.9.2\tex\latex\ams\math\amsgen.sty"
File: amsgen.sty 1999/11/30 v2.0
\@emptytoks=\toks17
\ex@=\dimen106
))
("D:\MiKTeX 2.9.2\tex\latex\ams\math\amsbsy.sty"
Package: amsbsy 1999/11/29 v1.2d
\pmbraise@=\dimen107
)
("D:\MiKTeX 2.9.2\tex\latex\ams\math\amsopn.sty"
Package: amsopn 1999/12/14 v2.01 operator names
)
\inf@bad=\count90
LaTeX Info: Redefining \frac on input line 211.
\uproot@=\count91
\leftroot@=\count92
LaTeX Info: Redefining \overline on input line 307.
\classnum@=\count93
\DOTSCASE@=\count94
LaTeX Info: Redefining \ldots on input line 379.
LaTeX Info: Redefining \dots on input line 382.
LaTeX Info: Redefining \cdots on input line 467.
\Mathstrutbox@=\box28
\strutbox@=\box29
\big@size=\dimen108
LaTeX Font Info:    Redeclaring font encoding OML on input line 567.
LaTeX Font Info:    Redeclaring font encoding OMS on input line 568.
\macc@depth=\count95
\c@MaxMatrixCols=\count96
\dotsspace@=\muskip10
\c@parentequation=\count97
\dspbrk@lvl=\count98
\tag@help=\toks18
\row@=\count99
\column@=\count100
\maxfields@=\count101
\andhelp@=\toks19
\eqnshift@=\dimen109
\alignsep@=\dimen110
\tagshift@=\dimen111
\tagwidth@=\dimen112
\totwidth@=\dimen113
\lineht@=\dimen114
\@envbody=\toks20
\multlinegap=\skip54
\multlinetaggap=\skip55
\mathdisplay@stack=\toks21
LaTeX Info: Redefining \[ on input line 2666.
LaTeX Info: Redefining \] on input line 2667.
)
("D:\MiKTeX 2.9.2\tex\latex\multirow\multirow.sty"
\bigstrutjot=\dimen115
)
("D:\NewWorkspace\NAO-ALPHA-AS-FUCK-ROBOTS\Article parts\Roel\SLAM_PAPER.aux")
LaTeX Font Info:    Checking defaults for OML/cmm/m/it on input line 21.
LaTeX Font Info:    ... okay on input line 21.
LaTeX Font Info:    Checking defaults for T1/cmr/m/n on input line 21.
LaTeX Font Info:    ... okay on input line 21.
LaTeX Font Info:    Checking defaults for OT1/cmr/m/n on input line 21.
LaTeX Font Info:    ... okay on input line 21.
LaTeX Font Info:    Checking defaults for OMS/cmsy/m/n on input line 21.
LaTeX Font Info:    ... okay on input line 21.
LaTeX Font Info:    Checking defaults for OMX/cmex/m/n on input line 21.
LaTeX Font Info:    ... okay on input line 21.
LaTeX Font Info:    Checking defaults for U/cmr/m/n on input line 21.
LaTeX Font Info:    ... okay on input line 21.

english
[1{C:/Users/Shutt/AppData/Local/MiKTeX/2.9/pdftex/config/pdftex.map}



]
Underfull \hbox (badness 10000) in paragraph at lines 77--80

 []

<figure_IP1.png, id=9, 321.2pt x 240.9pt>
File: figure_IP1.png Graphic file (type png)
 <use figure_IP1.png>
Package pdftex.def Info: figure_IP1.png used on input line 103.
(pdftex.def)             Requested size: 252.94499pt x 189.71341pt.

Overfull \hbox (9.03374pt too wide) in paragraph at lines 103--103
[][] 
 []


Underfull \hbox (badness 1231) in paragraph at lines 100--103
\OT1/cmr/m/n/10 adding/subtracting $\OML/cmm/m/it/10 $\OT1/cmr/m/n/10 , be-cau
se (in the case of this
 []


Underfull \hbox (badness 10000) in paragraph at lines 100--103

 []

<figure_IP2.png, id=10, 380.92313pt x 285.31593pt>
File: figure_IP2.png Graphic file (type png)
 <use figure_IP2.png>
Package pdftex.def Info: figure_IP2.png used on input line 104.
(pdftex.def)             Requested size: 252.94499pt x 189.45844pt.

Overfull \hbox (9.03374pt too wide) in paragraph at lines 104--104
[][] 
 []


Underfull \vbox (badness 10000) has occurred while \output is active []



Package Fancyhdr Warning: \headheight is too small (12.0pt): 
 Make it at least 27.40558pt.
 We now make it that large for the rest of the document.
 This may cause the page layout to be inconsistent, however.

[2 <D:/NewWorkspace/NAO-ALPHA-AS-FUCK-ROBOTS/Article parts/Roel/figure_IP1.png 
(PNG copy)> <D:/NewWorkspace/NAO-ALPHA-AS-FUCK-ROBOTS/Article parts/Roel/figure
_IP2.png>] <figure_IP3.png, id=20, 381.67593pt x 283.81032pt>
File: figure_IP3.png Graphic file (type png)

<use figure_IP3.png>
Package pdftex.def Info: figure_IP3.png used on input line 115.
(pdftex.def)             Requested size: 252.94499pt x 188.08623pt.

Overfull \hbox (9.03374pt too wide) in paragraph at lines 115--115
[][] 
 []


Underfull \hbox (badness 10000) in paragraph at lines 114--115

 []

<figure_IP4.png, id=21, 380.92313pt x 278.54062pt>
File: figure_IP4.png Graphic file (type png)
 <use figure_IP4.png>
Package pdftex.def Info: figure_IP4.png used on input line 118.
(pdftex.def)             Requested size: 252.94499pt x 184.95941pt.

Overfull \hbox (9.03374pt too wide) in paragraph at lines 118--118
[][] 
 []


Underfull \hbox (badness 10000) in paragraph at lines 116--118

 []

<figure_IP5.png, id=22, 381.67593pt x 278.54062pt>
File: figure_IP5.png Graphic file (type png)
 <use figure_IP5.png>
Package pdftex.def Info: figure_IP5.png used on input line 120.
(pdftex.def)             Requested size: 252.94499pt x 184.5939pt.

Overfull \hbox (9.03374pt too wide) in paragraph at lines 120--120
[][] 
 []


Underfull \hbox (badness 10000) in paragraph at lines 119--120

 []

[3 <D:/NewWorkspace/NAO-ALPHA-AS-FUCK-ROBOTS/Article parts/Roel/figure_IP3.png>
 <D:/NewWorkspace/NAO-ALPHA-AS-FUCK-ROBOTS/Article parts/Roel/figure_IP4.png> <
D:/NewWorkspace/NAO-ALPHA-AS-FUCK-ROBOTS/Article parts/Roel/figure_IP5.png>]
<bigMatrix.jpg, id=26, 934.49126pt x 326.21875pt>
File: bigMatrix.jpg Graphic file (type jpg)
 <use bigMatrix.jpg>
Package pdftex.def Info: bigMatrix.jpg used on input line 153.
(pdftex.def)             Requested size: 252.94499pt x 88.29926pt.

Overfull \hbox (9.03374pt too wide) in paragraph at lines 153--153
[][] 
 []


Underfull \hbox (badness 10000) in paragraph at lines 151--153

 []


Underfull \hbox (badness 1033) in paragraph at lines 151--153
\OT1/cmr/m/n/10 During the run-time of the al-go-rithm, the state is
 []


Underfull \hbox (badness 10000) in paragraph at lines 151--153

 []

Missing character: There is no â in font cmr10!
Missing character: There is no € in font cmr10!
Missing character: There is no ™ in font cmr10!
Missing character: There is no â in font cmr10!
Missing character: There is no € in font cmr10!
Missing character: There is no ™ in font cmr10!
Missing character: There is no â in font cmr10!
Missing character: There is no € in font cmr10!
Missing character: There is no ™ in font cmr10!
Missing character: There is no â in font cmr10!
Missing character: There is no € in font cmr10!
Missing character: There is no ™ in font cmr10!
Missing character: There is no â in font cmr10!
Missing character: There is no € in font cmr10!
Missing character: There is no ™ in font cmr10!

Underfull \hbox (badness 10000) in paragraph at lines 153--162

 []


Underfull \hbox (badness 1365) in paragraph at lines 153--162
\OT1/cmr/m/n/10 The ma-trix $$ con-tains co-vari-ances be-tween the 3
 []


Underfull \hbox (badness 10000) in paragraph at lines 153--162

 []


Underfull \hbox (badness 2529) in paragraph at lines 153--162
\OT1/cmr/m/n/10 The al-go-rithm is ini-tial-ized with both $\OML/cmm/m/it/10 $
 \OT1/cmr/m/n/10 and $$
 []


Underfull \hbox (badness 10000) in paragraph at lines 153--162

 []


Underfull \hbox (badness 3209) in paragraph at lines 153--162
\OT1/cmr/m/n/10 EKF is an it-er-a-tive al-go-rithm. When-ever new
 []


Underfull \hbox (badness 10000) in paragraph at lines 153--162

 []


Underfull \hbox (badness 10000) in paragraph at lines 153--162

 []


Underfull \hbox (badness 10000) in paragraph at lines 153--162

 []


Underfull \hbox (badness 10000) in paragraph at lines 153--162

 []


Underfull \hbox (badness 10000) in paragraph at lines 153--162

 []

[4 <D:/NewWorkspace/NAO-ALPHA-AS-FUCK-ROBOTS/Article parts/Roel/bigMatrix.jpg>]

Underfull \hbox (badness 10000) in paragraph at lines 171--173

 []


Underfull \hbox (badness 10000) in paragraph at lines 176--184

 []


Underfull \hbox (badness 10000) in paragraph at lines 176--184

 []


Underfull \hbox (badness 10000) in paragraph at lines 176--184

 []


Underfull \hbox (badness 10000) in paragraph at lines 176--184

 []


Underfull \hbox (badness 10000) in paragraph at lines 209--214

 []

[5]
Underfull \hbox (badness 10000) in paragraph at lines 215--227

 []


Underfull \hbox (badness 10000) in paragraph at lines 245--247

 []


Underfull \hbox (badness 10000) in paragraph at lines 261--262

 []


Underfull \hbox (badness 10000) in paragraph at lines 273--274
[]\OT1/cmr/m/n/10 RoboCup Tech-ni-cal Com-mit-tee, Stan-
 []


Underfull \hbox (badness 10000) in paragraph at lines 273--274
\OT1/cmr/m/n/10 dard Plat-form League (Nao) Rule Book,
 []


Overfull \hbox (18.66512pt too wide) in paragraph at lines 273--274
\OT1/cmr/m/it/10 www.tzi.de/spl/pub/Website/Downloads/Rules2012.pdf\OT1/cmr/m/n
/10 ,
 []

[6]
Missing character: There is no Â in font cmti10!
Missing character: There is no ´ in font cmti10!
Missing character: There is no Â in font cmr10!
Missing character: There is no ´ in font cmr10!
Missing character: There is no Ë in font cmr10!
Missing character: There is no œ in font cmr10!
Missing character: There is no Â in font cmr10!
Missing character: There is no ´ in font cmr10!
Missing character: There is no Â in font cmr10!
Missing character: There is no ´ in font cmr10!

Underfull \hbox (badness 10000) in paragraph at lines 282--283
[]\OT1/cmr/m/n/10 Giorgio Grisetti, Rainer Kum-merle, Cyrill
 []


Underfull \hbox (badness 10000) in paragraph at lines 282--283
\OT1/cmr/m/n/10 Stach-niss, Wol-fram Bur-gard, ``A tu-to-rial
 []


Underfull \hbox (badness 10000) in paragraph at lines 282--283
\OT1/cmr/m/n/10 on Graph SLAM," \OT1/cmr/m/it/10 http://ais.informatik.uni-
 []


Overfull \hbox (12.74278pt too wide) in paragraph at lines 282--283
\OT1/cmr/m/it/10 freiburg.de/teaching/ws10/praktikum/slamtutorial.pdf\OT1/cmr/m
/n/10 ,
 []


Underfull \hbox (badness 10000) in paragraph at lines 285--286
[]\OT1/cmr/m/n/10 Emin Orhan, "Par-ti-cle Fil-ter-ing"
 []


Underfull \hbox (badness 10000) in paragraph at lines 285--286
\OT1/cmr/m/it/10 http://www.cns.nyu.edu/ eorhan/notes/particle-
 []


Underfull \hbox (badness 1769) in paragraph at lines 288--289
[]\OT1/cmr/m/n/10 Brian Ya-mauchi, ``Fron-tier based ex-plo-ration,"
 []


Underfull \hbox (badness 10000) in paragraph at lines 288--289
\OT1/cmr/m/it/10 http://robotfrontier.com/frontier/index.html\OT1/cmr/m/n/10 , 
ac-
 []


Underfull \hbox (badness 10000) in paragraph at lines 290--291
[]\OT1/cmr/m/n/10 Cyrill Stach-niss, "Robot Map-ping
 []


Underfull \hbox (badness 10000) in paragraph at lines 290--291
\OT1/cmr/m/n/10 EKF SLAM", \OT1/cmr/m/it/10 http://ais.informatik.uni-
 []


Underfull \hbox (badness 10000) in paragraph at lines 290--291
\OT1/cmr/m/it/10 freiburg.de/teaching/ws12/mapping/pdf/slam04-
 []


Underfull \vbox (badness 10000) has occurred while \output is active []

 [7]
("D:\NewWorkspace\NAO-ALPHA-AS-FUCK-ROBOTS\Article parts\Roel\SLAM_PAPER.aux") 
) 
Here is how much of TeX's memory you used:
 2054 strings out of 494045
 25072 string characters out of 3154029
 95299 words of memory out of 3000000
 5331 multiletter control sequences out of 15000+200000
 10366 words of font info for 37 fonts, out of 3000000 for 9000
 715 hyphenation exceptions out of 8191
 31i,12n,45p,772b,346s stack positions out of 5000i,500n,10000p,200000b,50000s
<D:/MiKTeX 2.9.2/fonts/type1/public/amsfonts/cm/cmbx10.pfb><D:/MiKTeX 2.9.2/fo
nts/type1/public/amsfonts/cm/cmbx12.pfb><D:/MiKTeX 2.9.2/fonts/type1/public/ams
fonts/cm/cmex10.pfb><D:/MiKTeX 2.9.2/fonts/type1/public/amsfonts/cm/cmmi10.pfb>
<D:/MiKTeX 2.9.2/fonts/type1/public/amsfonts/cm/cmmi7.pfb><D:/MiKTeX 2.9.2/font
s/type1/public/amsfonts/cm/cmr10.pfb><D:/MiKTeX 2.9.2/fonts/type1/public/amsfon
ts/cm/cmr12.pfb><D:/MiKTeX 2.9.2/fonts/type1/public/amsfonts/cm/cmr17.pfb><D:/M
iKTeX 2.9.2/fonts/type1/public/amsfonts/cm/cmr5.pfb><D:/MiKTeX 2.9.2/fonts/type
1/public/amsfonts/cm/cmr7.pfb><D:/MiKTeX 2.9.2/fonts/type1/public/amsfonts/cm/c
mr8.pfb><D:/MiKTeX 2.9.2/fonts/type1/public/amsfonts/cm/cmr9.pfb><D:/MiKTeX 2.9
.2/fonts/type1/public/amsfonts/cm/cmsy10.pfb><D:/MiKTeX 2.9.2/fonts/type1/publi
c/amsfonts/cm/cmsy7.pfb><D:/MiKTeX 2.9.2/fonts/type1/public/amsfonts/cm/cmti10.
pfb><D:/MiKTeX 2.9.2/fonts/type1/public/amsfonts/cm/cmti7.pfb>
Output written on SLAM_PAPER.pdf (7 pages, 463105 bytes).
PDF statistics:
 96 PDF objects out of 1000 (max. 8388607)
 0 named destinations out of 1000 (max. 500000)
 31 words of extra memory for PDF output out of 10000 (max. 10000000)

